Archivo de parametros : D:\VB50\Satelite\Security\Satelite v1.3\Temp\Detalle Presupuesto_185855.par
Archivo de datos : D:\VB50\Satelite\Security\Satelite v1.3\Temp\Detalle Presupuesto_185855.dat
Abriendo excel ...
Abriendo archivo U:\Area de Gerencia\Presupuesto\2010\Presupuesto Gastos 810F.xls ...
Creando encabezado ...
Exportando archivo D:\VB50\Satelite\Security\Satelite v1.3\Temp\Detalle Presupuesto_185855.dat...
Formateando columnas ...
Finalizado sin errores
Archivo de parametros : D:\VB50\Satelite\Security\Satelite v1.3\Temp\Detalle Presupuesto_103150.par
Archivo de datos : D:\VB50\Satelite\Security\Satelite v1.3\Temp\Detalle Presupuesto_103150.dat
Abriendo excel ...
Abriendo archivo U:\Area de Gerencia\Presupuesto\2010\Presupuesto Gastos 830F.xls ...
Creando encabezado ...
Exportando archivo D:\VB50\Satelite\Security\Satelite v1.3\Temp\Detalle Presupuesto_103150.dat...
Formateando columnas ...
Finalizado sin errores
Archivo de parametros : D:\VB50\Satelite\Security\Satelite v1.3\Temp\Detalle Presupuesto_140908.par
Archivo de datos : D:\VB50\Satelite\Security\Satelite v1.3\Temp\Detalle Presupuesto_140908.dat
Abriendo excel ...
Abriendo archivo U:\Area de Gerencia\Presupuesto\2010\Presupuesto Gastos 810F.xls ...
Creando encabezado ...
Exportando archivo D:\VB50\Satelite\Security\Satelite v1.3\Temp\Detalle Presupuesto_140908.dat...
Formateando columnas ...
Finalizado sin errores
Archivo de parametros : D:\VB50\Satelite\Security\Satelite v1.3\Temp\Detalle Presupuesto_142202.par
Archivo de datos : D:\VB50\Satelite\Security\Satelite v1.3\Temp\Detalle Presupuesto_142202.dat
Abriendo excel ...
Abriendo archivo U:\Area de Gerencia\Presupuesto\2010\Presupuesto Gastos 810F.xls ...
Creando encabezado ...
Exportando archivo D:\VB50\Satelite\Security\Satelite v1.3\Temp\Detalle Presupuesto_142202.dat...
Formateando columnas ...
Finalizado sin errores
Archivo de parametros : D:\VB50\Satelite\Security\Satelite v1.3\Temp\Detalle Presupuesto_104602.par
Archivo de datos : D:\VB50\Satelite\Security\Satelite v1.3\Temp\Detalle Presupuesto_104602.dat
Abriendo excel ...
Abriendo archivo U:\Area de Gerencia\Presupuesto\2010\Presupuesto Gastos 810F.xls ...
Creando encabezado ...
Exportando archivo D:\VB50\Satelite\Security\Satelite v1.3\Temp\Detalle Presupuesto_104602.dat...
Formateando columnas ...
Finalizado sin errores
Archivo de parametros : D:\VB50\Satelite\Security\Satelite v1.3\Temp\Detalle Presupuesto_104731.par
Archivo de datos : D:\VB50\Satelite\Security\Satelite v1.3\Temp\Detalle Presupuesto_104731.dat
Abriendo excel ...
Abriendo archivo U:\Area de Gerencia\Presupuesto\2010\Presupuesto Gastos 810F.xls ...
Creando encabezado ...
Exportando archivo D:\VB50\Satelite\Security\Satelite v1.3\Temp\Detalle Presupuesto_104731.dat...
Formateando columnas ...
Finalizado sin errores
Archivo de parametros : D:\VB50\Satelite\Security\Satelite v1.3\Temp\Detalle Presupuesto_102855.par
Archivo de datos : D:\VB50\Satelite\Security\Satelite v1.3\Temp\Detalle Presupuesto_102855.dat
Abriendo excel ...
Abriendo archivo U:\Area de Gerencia\Presupuesto\2010\Presupuesto Gastos 830F.xls ...
Creando encabezado ...
Exportando archivo D:\VB50\Satelite\Security\Satelite v1.3\Temp\Detalle Presupuesto_102855.dat...
Formateando columnas ...
Finalizado sin errores
Archivo de parametros : D:\VB50\Satelite\Security\Satelite v1.3\Temp\Detalle Presupuesto_190750.par
Archivo de datos : D:\VB50\Satelite\Security\Satelite v1.3\Temp\Detalle Presupuesto_190750.dat
Abriendo excel ...
Abriendo archivo U:\Area de Gerencia\Presupuesto\2010\Presupuesto Gastos 830F.xls ...
Creando encabezado ...
Exportando archivo D:\VB50\Satelite\Security\Satelite v1.3\Temp\Detalle Presupuesto_190750.dat...
Formateando columnas ...
Finalizado sin errores
Archivo de parametros : D:\AppVb_Analistas\alabrin\Satelite v1.3\Temp\Cartas Generadas_125822.par
Archivo de datos : D:\AppVb_Analistas\alabrin\Satelite v1.3\Temp\Cartas Generadas_125822.dat
Abriendo excel ...
Creando encabezado ...
Exportando archivo D:\AppVb_Analistas\alabrin\Satelite v1.3\Temp\Cartas Generadas_125822.dat...
Formateando columnas ...
Finalizado sin errores
Archivo de parametros : D:\AppVb_Analistas\alabrin\Satelite v1.3\Temp\Cartas Generadas_130204.par
Archivo de datos : D:\AppVb_Analistas\alabrin\Satelite v1.3\Temp\Cartas Generadas_130204.dat
Abriendo excel ...
Creando encabezado ...
Exportando archivo D:\AppVb_Analistas\alabrin\Satelite v1.3\Temp\Cartas Generadas_130204.dat...
Formateando columnas ...
Finalizado sin errores
